<?xml version="1.0" encoding="UTF-8"?>
<!-- Generated by org.testng.reporters.JUnitXMLReporter -->
<testsuite ignored="0" hostname="DESKTOP-MDMDGLO" failures="1" tests="5" name="Test" time="63.858" errors="0" timestamp="2024-03-19T17:50:31 EET">
  <testcase classname="testcase.MyFirstTest" name="Test" time="5.56"/>
  <testcase classname="testcase.MyFirstTest" name="Test" time="5.882"/>
  <testcase classname="testcase.MyFirstTest" name="Test" time="5.927"/>
  <testcase classname="testcase.MyFirstTest" name="Test" time="5.645"/>
  <testcase classname="testcase.MyFirstTest" name="Test" time="6.386">
    <failure type="java.lang.AssertionError" message="expected [10] but found [9]">
      <![CDATA[java.lang.AssertionError: expected [10] but found [9]
at testcase.MyFirstTest.Test(MyFirstTest.java:59)
at java.base/java.util.ArrayList.forEach(ArrayList.java:1511)
... Removed 33 stack frames]]>
    </failure>
  </testcase> <!-- Test -->
</testsuite> <!-- Test -->
