<!DOCTYPE html PUBLIC "-//W3C//DTD XHTML 1.1//EN" "https://www.w3.org/TR/xhtml11/DTD/xhtml11.dtd">
<html xmlns="https://www.w3.org/1999/xhtml">
<head>
<meta http-equiv="content-type" content="text/html; charset=UTF-8"/>
<title>TestNG Report</title>
<style type="text/css">table {margin-bottom:10px;border-collapse:collapse;empty-cells:show}th,td {border:1px solid #009;padding:.25em .5em}th {vertical-align:bottom}td {vertical-align:top}table a {font-weight:bold}.stripe td {background-color: #E6EBF9}.num {text-align:right}.passedodd td {background-color: #3F3}.passedeven td {background-color: #0A0}.skippedodd td {background-color: #DDD}.skippedeven td {background-color: #CCC}.failedodd td,.attn {background-color: #F33}.failedeven td,.stripe .attn {background-color: #D00}.stacktrace {white-space:pre;font-family:monospace}.totop {font-size:85%;text-align:center;border-bottom:2px solid #000}.invisible {display:none}</style>
</head>
<body>
<table>
<tr><th>Test</th><th># Passed</th><th># Skipped</th><th># Retried</th><th># Failed</th><th>Time (ms)</th><th>Included Groups</th><th>Excluded Groups</th></tr>
<tr><th colspan="8">Suite</th></tr>
<tr><td><a href="#t0">ChromeTest</a></td><td class="num">4</td><td class="num">0</td><td class="num">0</td><td class="num attn">1</td><td class="num">122,617</td><td></td><td></td></tr>
<tr class="stripe"><td><a href="#t1">FirefoxTest</a></td><td class="num">4</td><td class="num">0</td><td class="num">0</td><td class="num attn">1</td><td class="num">113,541</td><td></td><td></td></tr>
<tr><td><a href="#t2">EdgeTest</a></td><td class="num">4</td><td class="num">0</td><td class="num">0</td><td class="num attn">1</td><td class="num">100,526</td><td></td><td></td></tr>
<tr><th>Total</th><th class="num">12</th><th class="num">0</th><th class="num">0</th><th class="num attn">3</th><th class="num">336,684</th><th colspan="2"></th></tr>
</table>
<table id='summary'><thead><tr><th>Class</th><th>Method</th><th>Start</th><th>Time (ms)</th></tr></thead><tbody><tr><th colspan="4">Suite</th></tr></tbody><tbody id="t0"><tr><th colspan="4">ChromeTest &#8212; failed</th></tr><tr class="failedeven"><td rowspan="1">testcase.MyFirstTest</td><td><a href="#m0">Test</a></td><td rowspan="1">1710885702602</td><td rowspan="1">35796</td></tr><tr><th colspan="4">ChromeTest &#8212; passed</th></tr><tr class="passedeven"><td rowspan="4">testcase.MyFirstTest</td><td><a href="#m1">Test</a></td><td rowspan="4">1710885626844</td><td rowspan="4">12497</td></tr><tr class="passedeven"><td><a href="#m2">Test</a></td></tr><tr class="passedeven"><td><a href="#m3">Test</a></td></tr><tr class="passedeven"><td><a href="#m4">Test</a></td></tr></tbody>
<tbody id="t1"><tr><th colspan="4">FirefoxTest &#8212; failed</th></tr><tr class="failedeven"><td rowspan="1">testcase.MyFirstTest</td><td><a href="#m5">Test</a></td><td rowspan="1">1710885756943</td><td rowspan="1">39312</td></tr><tr><th colspan="4">FirefoxTest &#8212; passed</th></tr><tr class="passedeven"><td rowspan="4">testcase.MyFirstTest</td><td><a href="#m6">Test</a></td><td rowspan="4">1710885822817</td><td rowspan="4">2398</td></tr><tr class="passedeven"><td><a href="#m7">Test</a></td></tr><tr class="passedeven"><td><a href="#m8">Test</a></td></tr><tr class="passedeven"><td><a href="#m9">Test</a></td></tr></tbody>
<tbody id="t2"><tr><th colspan="4">EdgeTest &#8212; failed</th></tr><tr class="failedeven"><td rowspan="1">testcase.MyFirstTest</td><td><a href="#m10">Test</a></td><td rowspan="1">1710885945342</td><td rowspan="1">7362</td></tr><tr><th colspan="4">EdgeTest &#8212; passed</th></tr><tr class="passedeven"><td rowspan="4">testcase.MyFirstTest</td><td><a href="#m11">Test</a></td><td rowspan="4">1710885926708</td><td rowspan="4">9173</td></tr><tr class="passedeven"><td><a href="#m12">Test</a></td></tr><tr class="passedeven"><td><a href="#m13">Test</a></td></tr><tr class="passedeven"><td><a href="#m14">Test</a></td></tr></tbody>
</table>
<h2>ChromeTest</h2><h3 id="m0">testcase.MyFirstTest#Test</h3><table class="result"><tr class="param"><th>Parameter #1</th></tr><tr class="param stripe"><td> vodafone logo</td></tr><tr><th>Messages</th></tr><tr><td><div class="messages"> <a href='C:\Users\HP\eclipse-workspace\automation//screenshots//Wed-Mar-20-00-02-18-EET-2024.png'> <img src='C:\Users\HP\eclipse-workspace\automation//screenshots//Wed-Mar-20-00-02-18-EET-2024.png' height='200' width='200'/> </a>  </div></td></tr><tr><th>Exception</th></tr><tr><td><div class="stacktrace">org.openqa.selenium.TimeoutException: Expected condition failed: waiting for element to be clickable: [[ChromeDriver: chrome on windows (152475d1f2c5c7e1b939e92a24ca84fc)] -&gt; xpath: //a[@title=&apos;Next page&apos;]] (tried for 30 second(s) with 1000 milliseconds interval)
	at org.openqa.selenium.support.ui.FluentWait.timeoutException(FluentWait.java:265)
	at org.openqa.selenium.support.ui.FluentWait.until(FluentWait.java:228)
	at testcase.MyFirstTest.Test(MyFirstTest.java:61)
	at java.base/java.util.ArrayList.forEach(ArrayList.java:1511)
Caused by: org.openqa.selenium.StaleElementReferenceException: stale element reference: stale element not found
  (Session info: chrome=122.0.6261.129)
For documentation on this error, please visit: https://www.selenium.dev/documentation/webdriver/troubleshooting/errors#stale-element-reference-exception
Build info: version: &apos;4.18.1&apos;, revision: &apos;b1d3319b48&apos;
System info: os.name: &apos;Windows 10&apos;, os.arch: &apos;amd64&apos;, os.version: &apos;10.0&apos;, java.version: &apos;17.0.10&apos;
Driver info: org.openqa.selenium.chrome.ChromeDriver
Command: [152475d1f2c5c7e1b939e92a24ca84fc, isElementDisplayed {id=f.6E99FA9553B494F985E921FC5A453856.d.E9720ABB2BCA569216C7D319DFDCB0A1.e.3099}]
Capabilities {acceptInsecureCerts: false, browserName: chrome, browserVersion: 122.0.6261.129, chrome: {chromedriverVersion: 122.0.6261.128 (f18a44fedeb..., userDataDir: C:\Users\HP\AppData\Local\T...}, fedcm:accounts: true, goog:chromeOptions: {debuggerAddress: localhost:57075}, networkConnectionEnabled: false, pageLoadStrategy: normal, platformName: windows, proxy: Proxy(), se:cdp: ws://localhost:57075/devtoo..., se:cdpVersion: 122.0.6261.129, setWindowRect: true, strictFileInteractability: false, timeouts: {implicit: 0, pageLoad: 300000, script: 30000}, unhandledPromptBehavior: dismiss and notify, webauthn:extension:credBlob: true, webauthn:extension:largeBlob: true, webauthn:extension:minPinLength: true, webauthn:extension:prf: true, webauthn:virtualAuthenticators: true}
Element: [[ChromeDriver: chrome on windows (152475d1f2c5c7e1b939e92a24ca84fc)] -&gt; xpath: //a[@title=&apos;Next page&apos;]]
Session ID: 152475d1f2c5c7e1b939e92a24ca84fc
	at org.openqa.selenium.remote.ErrorCodec.decode(ErrorCodec.java:167)
	at org.openqa.selenium.remote.codec.w3c.W3CHttpResponseCodec.decode(W3CHttpResponseCodec.java:138)
	at org.openqa.selenium.remote.codec.w3c.W3CHttpResponseCodec.decode(W3CHttpResponseCodec.java:50)
	at org.openqa.selenium.remote.HttpCommandExecutor.execute(HttpCommandExecutor.java:190)
	at org.openqa.selenium.remote.service.DriverCommandExecutor.invokeExecute(DriverCommandExecutor.java:216)
	at org.openqa.selenium.remote.service.DriverCommandExecutor.execute(DriverCommandExecutor.java:174)
	at org.openqa.selenium.remote.RemoteWebDriver.execute(RemoteWebDriver.java:519)
	at org.openqa.selenium.remote.RemoteWebElement.execute(RemoteWebElement.java:223)
	at org.openqa.selenium.remote.RemoteWebElement.isDisplayed(RemoteWebElement.java:282)
	at org.openqa.selenium.support.ui.ExpectedConditions.elementIfVisible(ExpectedConditions.java:304)
	at org.openqa.selenium.support.ui.ExpectedConditions$10.apply(ExpectedConditions.java:290)
	at org.openqa.selenium.support.ui.ExpectedConditions$10.apply(ExpectedConditions.java:287)
	at org.openqa.selenium.support.ui.ExpectedConditions$23.apply(ExpectedConditions.java:656)
	at org.openqa.selenium.support.ui.ExpectedConditions$23.apply(ExpectedConditions.java:652)
	at org.openqa.selenium.support.ui.FluentWait.until(FluentWait.java:203)
	... 29 more
... Removed 31 stack frames</div></td></tr></table><p class="totop"><a href="#summary">back to summary</a></p>
<h3 id="m1">testcase.MyFirstTest#Test</h3><table class="result"><tr class="param"><th>Parameter #1</th></tr><tr class="param stripe"><td>Vodafone</td></tr><tr><th>Messages</th></tr><tr><td><div class="messages">Test Successed</div></td></tr></table><p class="totop"><a href="#summary">back to summary</a></p>
<h3 id="m2">testcase.MyFirstTest#Test</h3><table class="result"><tr class="param"><th>Parameter #1</th></tr><tr class="param stripe"><td>Vudafoone</td></tr><tr><th>Messages</th></tr><tr><td><div class="messages">Test Successed</div></td></tr></table><p class="totop"><a href="#summary">back to summary</a></p>
<h3 id="m3">testcase.MyFirstTest#Test</h3><table class="result"><tr class="param"><th>Parameter #1</th></tr><tr class="param stripe"><td>Vodafone Images</td></tr><tr><th>Messages</th></tr><tr><td><div class="messages">Test Successed</div></td></tr></table><p class="totop"><a href="#summary">back to summary</a></p>
<h3 id="m4">testcase.MyFirstTest#Test</h3><table class="result"><tr class="param"><th>Parameter #1</th></tr><tr class="param stripe"><td>Vodafone Stores</td></tr><tr><th>Messages</th></tr><tr><td><div class="messages">Test Successed</div></td></tr></table><p class="totop"><a href="#summary">back to summary</a></p>
<h2>FirefoxTest</h2><h3 id="m5">testcase.MyFirstTest#Test</h3><table class="result"><tr class="param"><th>Parameter #1</th></tr><tr class="param stripe"><td>Vodafone</td></tr><tr><th>Messages</th></tr><tr><td><div class="messages"> <a href='C:\Users\HP\eclipse-workspace\automation//screenshots//Wed-Mar-20-00-03-16-EET-2024.png'> <img src='C:\Users\HP\eclipse-workspace\automation//screenshots//Wed-Mar-20-00-03-16-EET-2024.png' height='200' width='200'/> </a>  </div></td></tr><tr><th>Exception</th></tr><tr><td><div class="stacktrace">org.openqa.selenium.TimeoutException: Expected condition failed: waiting for element to be clickable: [[FirefoxDriver: firefox on windows (9b50a297-f7d0-4fea-82c0-08fe5268ae39)] -&gt; xpath: //a[@title=&apos;Next page&apos;]] (tried for 30 second(s) with 1000 milliseconds interval)
	at org.openqa.selenium.support.ui.FluentWait.timeoutException(FluentWait.java:265)
	at org.openqa.selenium.support.ui.FluentWait.until(FluentWait.java:228)
	at testcase.MyFirstTest.Test(MyFirstTest.java:61)
	at java.base/java.util.ArrayList.forEach(ArrayList.java:1511)
Caused by: org.openqa.selenium.StaleElementReferenceException: The element with the reference fadb6b5d-3816-4845-acf0-5d54383d5193 is stale; either its node document is not the active document, or it is no longer connected to the DOM
For documentation on this error, please visit: https://www.selenium.dev/documentation/webdriver/troubleshooting/errors#stale-element-reference-exception
Build info: version: &apos;4.18.1&apos;, revision: &apos;b1d3319b48&apos;
System info: os.name: &apos;Windows 10&apos;, os.arch: &apos;amd64&apos;, os.version: &apos;10.0&apos;, java.version: &apos;17.0.10&apos;
Driver info: org.openqa.selenium.firefox.FirefoxDriver
Command: [9b50a297-f7d0-4fea-82c0-08fe5268ae39, isElementDisplayed {id=fadb6b5d-3816-4845-acf0-5d54383d5193}]
Capabilities {acceptInsecureCerts: true, browserName: firefox, browserVersion: 123.0.1, moz:accessibilityChecks: false, moz:buildID: 20240304104836, moz:debuggerAddress: 127.0.0.1:32300, moz:geckodriverVersion: 0.34.0, moz:headless: false, moz:platformVersion: 10.0, moz:processID: 31328, moz:profile: C:\Users\HP\AppData\Local\T..., moz:shutdownTimeout: 60000, moz:webdriverClick: true, moz:windowless: false, pageLoadStrategy: normal, platformName: windows, proxy: Proxy(), se:cdp: ws://127.0.0.1:32300/devtoo..., se:cdpVersion: 85.0, setWindowRect: true, strictFileInteractability: false, timeouts: {implicit: 0, pageLoad: 300000, script: 30000}, unhandledPromptBehavior: dismiss and notify}
Element: [[FirefoxDriver: firefox on windows (9b50a297-f7d0-4fea-82c0-08fe5268ae39)] -&gt; xpath: //a[@title=&apos;Next page&apos;]]
Session ID: 9b50a297-f7d0-4fea-82c0-08fe5268ae39
	at org.openqa.selenium.remote.ErrorCodec.decode(ErrorCodec.java:167)
	at org.openqa.selenium.remote.codec.w3c.W3CHttpResponseCodec.decode(W3CHttpResponseCodec.java:138)
	at org.openqa.selenium.remote.codec.w3c.W3CHttpResponseCodec.decode(W3CHttpResponseCodec.java:50)
	at org.openqa.selenium.remote.HttpCommandExecutor.execute(HttpCommandExecutor.java:190)
	at org.openqa.selenium.remote.service.DriverCommandExecutor.invokeExecute(DriverCommandExecutor.java:216)
	at org.openqa.selenium.remote.service.DriverCommandExecutor.execute(DriverCommandExecutor.java:174)
	at org.openqa.selenium.remote.RemoteWebDriver.execute(RemoteWebDriver.java:519)
	at org.openqa.selenium.remote.RemoteWebElement.execute(RemoteWebElement.java:223)
	at org.openqa.selenium.remote.RemoteWebElement.isDisplayed(RemoteWebElement.java:282)
	at org.openqa.selenium.support.ui.ExpectedConditions.elementIfVisible(ExpectedConditions.java:304)
	at org.openqa.selenium.support.ui.ExpectedConditions$10.apply(ExpectedConditions.java:290)
	at org.openqa.selenium.support.ui.ExpectedConditions$10.apply(ExpectedConditions.java:287)
	at org.openqa.selenium.support.ui.ExpectedConditions$23.apply(ExpectedConditions.java:656)
	at org.openqa.selenium.support.ui.ExpectedConditions$23.apply(ExpectedConditions.java:652)
	at org.openqa.selenium.support.ui.FluentWait.until(FluentWait.java:203)
	... 29 more
... Removed 31 stack frames</div></td></tr></table><p class="totop"><a href="#summary">back to summary</a></p>
<h3 id="m6">testcase.MyFirstTest#Test</h3><table class="result"><tr class="param"><th>Parameter #1</th></tr><tr class="param stripe"><td>Vodafone Stores</td></tr><tr><th>Messages</th></tr><tr><td><div class="messages">Test Successed</div></td></tr></table><p class="totop"><a href="#summary">back to summary</a></p>
<h3 id="m7">testcase.MyFirstTest#Test</h3><table class="result"><tr class="param"><th>Parameter #1</th></tr><tr class="param stripe"><td>Vudafoone</td></tr><tr><th>Messages</th></tr><tr><td><div class="messages">Test Successed</div></td></tr></table><p class="totop"><a href="#summary">back to summary</a></p>
<h3 id="m8">testcase.MyFirstTest#Test</h3><table class="result"><tr class="param"><th>Parameter #1</th></tr><tr class="param stripe"><td>Vodafone Images</td></tr><tr><th>Messages</th></tr><tr><td><div class="messages">Test Successed</div></td></tr></table><p class="totop"><a href="#summary">back to summary</a></p>
<h3 id="m9">testcase.MyFirstTest#Test</h3><table class="result"><tr class="param"><th>Parameter #1</th></tr><tr class="param stripe"><td> vodafone logo</td></tr><tr><th>Messages</th></tr><tr><td><div class="messages">Test Successed</div></td></tr></table><p class="totop"><a href="#summary">back to summary</a></p>
<h2>EdgeTest</h2><h3 id="m10">testcase.MyFirstTest#Test</h3><table class="result"><tr class="param"><th>Parameter #1</th></tr><tr class="param stripe"><td> vodafone logo</td></tr><tr><th>Messages</th></tr><tr><td><div class="messages"> <a href='C:\Users\HP\eclipse-workspace\automation//screenshots//Wed-Mar-20-00-05-52-EET-2024.png'> <img src='C:\Users\HP\eclipse-workspace\automation//screenshots//Wed-Mar-20-00-05-52-EET-2024.png' height='200' width='200'/> </a>  </div></td></tr><tr><th>Exception</th></tr><tr><td><div class="stacktrace">java.lang.AssertionError: expected [10] but found [9]
	at testcase.MyFirstTest.Test(MyFirstTest.java:68)
	at java.base/java.util.ArrayList.forEach(ArrayList.java:1511)
... Removed 33 stack frames</div></td></tr></table><p class="totop"><a href="#summary">back to summary</a></p>
<h3 id="m11">testcase.MyFirstTest#Test</h3><table class="result"><tr class="param"><th>Parameter #1</th></tr><tr class="param stripe"><td>Vodafone Images</td></tr><tr><th>Messages</th></tr><tr><td><div class="messages">Test Successed</div></td></tr></table><p class="totop"><a href="#summary">back to summary</a></p>
<h3 id="m12">testcase.MyFirstTest#Test</h3><table class="result"><tr class="param"><th>Parameter #1</th></tr><tr class="param stripe"><td>Vodafone</td></tr><tr><th>Messages</th></tr><tr><td><div class="messages">Test Successed</div></td></tr></table><p class="totop"><a href="#summary">back to summary</a></p>
<h3 id="m13">testcase.MyFirstTest#Test</h3><table class="result"><tr class="param"><th>Parameter #1</th></tr><tr class="param stripe"><td>Vodafone Stores</td></tr><tr><th>Messages</th></tr><tr><td><div class="messages">Test Successed</div></td></tr></table><p class="totop"><a href="#summary">back to summary</a></p>
<h3 id="m14">testcase.MyFirstTest#Test</h3><table class="result"><tr class="param"><th>Parameter #1</th></tr><tr class="param stripe"><td>Vudafoone</td></tr><tr><th>Messages</th></tr><tr><td><div class="messages">Test Successed</div></td></tr></table><p class="totop"><a href="#summary">back to summary</a></p>
</body>
</html>
