<?xml version="1.0" encoding="UTF-8"?>
<testng-results ignored="0" total="15" passed="12" failed="3" skipped="0">
  <reporter-output>
    <line>
      <![CDATA[Test Successed]]>
    </line>
    <line>
      <![CDATA[Test Successed]]>
    </line>
    <line>
      <![CDATA[Test Successed]]>
    </line>
    <line>
      <![CDATA[Test Successed]]>
    </line>
    <line>
      <![CDATA[ <a href='C:\Users\HP\eclipse-workspace\automation//screenshots//Wed-Mar-20-00-02-18-EET-2024.png'> <img src='C:\Users\HP\eclipse-workspace\automation//screenshots//Wed-Mar-20-00-02-18-EET-2024.png' height='200' width='200'/> </a>  ]]>
    </line>
    <line>
      <![CDATA[==============================================================================================]]>
    </line>
    <line>
      <![CDATA[Total Passed: 4(+4), Failures: 1(+1), Skips: 0(+0)]]>
    </line>
    <line>
      <![CDATA[==============================================================================================]]>
    </line>
    <line>
      <![CDATA[ <a href='C:\Users\HP\eclipse-workspace\automation//screenshots//Wed-Mar-20-00-03-16-EET-2024.png'> <img src='C:\Users\HP\eclipse-workspace\automation//screenshots//Wed-Mar-20-00-03-16-EET-2024.png' height='200' width='200'/> </a>  ]]>
    </line>
    <line>
      <![CDATA[Test Successed]]>
    </line>
    <line>
      <![CDATA[Test Successed]]>
    </line>
    <line>
      <![CDATA[Test Successed]]>
    </line>
    <line>
      <![CDATA[Test Successed]]>
    </line>
    <line>
      <![CDATA[==============================================================================================]]>
    </line>
    <line>
      <![CDATA[Total Passed: 8(+4), Failures: 2(+1), Skips: 0(+0)]]>
    </line>
    <line>
      <![CDATA[==============================================================================================]]>
    </line>
    <line>
      <![CDATA[Test Successed]]>
    </line>
    <line>
      <![CDATA[Test Successed]]>
    </line>
    <line>
      <![CDATA[Test Successed]]>
    </line>
    <line>
      <![CDATA[Test Successed]]>
    </line>
    <line>
      <![CDATA[ <a href='C:\Users\HP\eclipse-workspace\automation//screenshots//Wed-Mar-20-00-05-52-EET-2024.png'> <img src='C:\Users\HP\eclipse-workspace\automation//screenshots//Wed-Mar-20-00-05-52-EET-2024.png' height='200' width='200'/> </a>  ]]>
    </line>
  </reporter-output>
  <suite started-at="2024-03-20T00:00:16 EET" name="Suite" finished-at="2024-03-20T00:05:52 EET" duration-ms="336758">
    <groups>
    </groups>
    <test started-at="2024-03-20T00:00:16 EET" name="ChromeTest" finished-at="2024-03-20T00:02:18 EET" duration-ms="122617">
      <class name="testcase.MyFirstTest">
        <test-method is-config="true" signature="LaunchBrowser(java.lang.String,java.lang.String)[pri:0, instance:testcase.MyFirstTest@448c8166]" started-at="2024-03-20T00:00:16 EET" name="LaunchBrowser" finished-at="2024-03-20T00:00:26 EET" duration-ms="10578" status="PASS">
          <params>
            <param index="0">
              <value>
                <![CDATA[chrome]]>
              </value>
            </param>
            <param index="1">
              <value>
                <![CDATA[https://www.bing.com]]>
              </value>
            </param>
          </params>
          <reporter-output>
          </reporter-output>
        </test-method> <!-- LaunchBrowser -->
        <test-method signature="Test(java.lang.String)[pri:0, instance:testcase.MyFirstTest@448c8166]" started-at="2024-03-20T00:00:26 EET" name="Test" data-provider="TestData" finished-at="2024-03-20T00:00:39 EET" duration-ms="12497" status="PASS">
          <params>
            <param index="0">
              <value>
                <![CDATA[Vodafone]]>
              </value>
            </param>
          </params>
          <reporter-output>
            <line>
              <![CDATA[Test Successed]]>
            </line>
          </reporter-output>
        </test-method> <!-- Test -->
        <test-method is-config="true" signature="TearDown()[pri:0, instance:testcase.MyFirstTest@448c8166]" started-at="2024-03-20T00:00:39 EET" name="TearDown" finished-at="2024-03-20T00:00:39 EET" duration-ms="248" status="PASS">
          <reporter-output>
          </reporter-output>
        </test-method> <!-- TearDown -->
        <test-method is-config="true" signature="LaunchBrowser(java.lang.String,java.lang.String)[pri:0, instance:testcase.MyFirstTest@448c8166]" started-at="2024-03-20T00:00:39 EET" name="LaunchBrowser" finished-at="2024-03-20T00:00:45 EET" duration-ms="6326" status="PASS">
          <params>
            <param index="0">
              <value>
                <![CDATA[chrome]]>
              </value>
            </param>
            <param index="1">
              <value>
                <![CDATA[https://www.bing.com]]>
              </value>
            </param>
          </params>
          <reporter-output>
          </reporter-output>
        </test-method> <!-- LaunchBrowser -->
        <test-method signature="Test(java.lang.String)[pri:0, instance:testcase.MyFirstTest@448c8166]" started-at="2024-03-20T00:00:45 EET" name="Test" data-provider="TestData" finished-at="2024-03-20T00:00:56 EET" duration-ms="10532" status="PASS">
          <params>
            <param index="0">
              <value>
                <![CDATA[Vudafoone]]>
              </value>
            </param>
          </params>
          <reporter-output>
            <line>
              <![CDATA[Test Successed]]>
            </line>
          </reporter-output>
        </test-method> <!-- Test -->
        <test-method is-config="true" signature="TearDown()[pri:0, instance:testcase.MyFirstTest@448c8166]" started-at="2024-03-20T00:00:56 EET" name="TearDown" finished-at="2024-03-20T00:00:56 EET" duration-ms="145" status="PASS">
          <reporter-output>
          </reporter-output>
        </test-method> <!-- TearDown -->
        <test-method is-config="true" signature="LaunchBrowser(java.lang.String,java.lang.String)[pri:0, instance:testcase.MyFirstTest@448c8166]" started-at="2024-03-20T00:00:56 EET" name="LaunchBrowser" finished-at="2024-03-20T00:01:02 EET" duration-ms="6105" status="PASS">
          <params>
            <param index="0">
              <value>
                <![CDATA[chrome]]>
              </value>
            </param>
            <param index="1">
              <value>
                <![CDATA[https://www.bing.com]]>
              </value>
            </param>
          </params>
          <reporter-output>
          </reporter-output>
        </test-method> <!-- LaunchBrowser -->
        <test-method signature="Test(java.lang.String)[pri:0, instance:testcase.MyFirstTest@448c8166]" started-at="2024-03-20T00:01:02 EET" name="Test" data-provider="TestData" finished-at="2024-03-20T00:01:16 EET" duration-ms="14158" status="PASS">
          <params>
            <param index="0">
              <value>
                <![CDATA[Vodafone Stores]]>
              </value>
            </param>
          </params>
          <reporter-output>
            <line>
              <![CDATA[Test Successed]]>
            </line>
          </reporter-output>
        </test-method> <!-- Test -->
        <test-method is-config="true" signature="TearDown()[pri:0, instance:testcase.MyFirstTest@448c8166]" started-at="2024-03-20T00:01:16 EET" name="TearDown" finished-at="2024-03-20T00:01:17 EET" duration-ms="273" status="PASS">
          <reporter-output>
          </reporter-output>
        </test-method> <!-- TearDown -->
        <test-method is-config="true" signature="LaunchBrowser(java.lang.String,java.lang.String)[pri:0, instance:testcase.MyFirstTest@448c8166]" started-at="2024-03-20T00:01:17 EET" name="LaunchBrowser" finished-at="2024-03-20T00:01:24 EET" duration-ms="7766" status="PASS">
          <params>
            <param index="0">
              <value>
                <![CDATA[chrome]]>
              </value>
            </param>
            <param index="1">
              <value>
                <![CDATA[https://www.bing.com]]>
              </value>
            </param>
          </params>
          <reporter-output>
          </reporter-output>
        </test-method> <!-- LaunchBrowser -->
        <test-method signature="Test(java.lang.String)[pri:0, instance:testcase.MyFirstTest@448c8166]" started-at="2024-03-20T00:01:24 EET" name="Test" data-provider="TestData" finished-at="2024-03-20T00:01:34 EET" duration-ms="9140" status="PASS">
          <params>
            <param index="0">
              <value>
                <![CDATA[Vodafone Images]]>
              </value>
            </param>
          </params>
          <reporter-output>
            <line>
              <![CDATA[Test Successed]]>
            </line>
          </reporter-output>
        </test-method> <!-- Test -->
        <test-method is-config="true" signature="TearDown()[pri:0, instance:testcase.MyFirstTest@448c8166]" started-at="2024-03-20T00:01:34 EET" name="TearDown" finished-at="2024-03-20T00:01:34 EET" duration-ms="239" status="PASS">
          <reporter-output>
          </reporter-output>
        </test-method> <!-- TearDown -->
        <test-method is-config="true" signature="LaunchBrowser(java.lang.String,java.lang.String)[pri:0, instance:testcase.MyFirstTest@448c8166]" started-at="2024-03-20T00:01:34 EET" name="LaunchBrowser" finished-at="2024-03-20T00:01:42 EET" duration-ms="8315" status="PASS">
          <params>
            <param index="0">
              <value>
                <![CDATA[chrome]]>
              </value>
            </param>
            <param index="1">
              <value>
                <![CDATA[https://www.bing.com]]>
              </value>
            </param>
          </params>
          <reporter-output>
          </reporter-output>
        </test-method> <!-- LaunchBrowser -->
        <test-method signature="Test(java.lang.String)[pri:0, instance:testcase.MyFirstTest@448c8166]" started-at="2024-03-20T00:01:42 EET" name="Test" data-provider="TestData" finished-at="2024-03-20T00:02:18 EET" duration-ms="35796" status="FAIL">
          <params>
            <param index="0">
              <value>
                <![CDATA[ vodafone logo]]>
              </value>
            </param>
          </params>
          <exception class="org.openqa.selenium.TimeoutException">
            <message>
              <![CDATA[Expected condition failed: waiting for element to be clickable: [[ChromeDriver: chrome on windows (152475d1f2c5c7e1b939e92a24ca84fc)] -> xpath: //a[@title='Next page']] (tried for 30 second(s) with 1000 milliseconds interval)]]>
            </message>
            <full-stacktrace>
              <![CDATA[org.openqa.selenium.TimeoutException: Expected condition failed: waiting for element to be clickable: [[ChromeDriver: chrome on windows (152475d1f2c5c7e1b939e92a24ca84fc)] -> xpath: //a[@title='Next page']] (tried for 30 second(s) with 1000 milliseconds interval)
at org.openqa.selenium.support.ui.FluentWait.timeoutException(FluentWait.java:265)
at org.openqa.selenium.support.ui.FluentWait.until(FluentWait.java:228)
at testcase.MyFirstTest.Test(MyFirstTest.java:61)
at java.base/jdk.internal.reflect.NativeMethodAccessorImpl.invoke0(Native Method)
at java.base/jdk.internal.reflect.NativeMethodAccessorImpl.invoke(NativeMethodAccessorImpl.java:77)
at java.base/jdk.internal.reflect.DelegatingMethodAccessorImpl.invoke(DelegatingMethodAccessorImpl.java:43)
at java.base/java.lang.reflect.Method.invoke(Method.java:568)
at org.testng.internal.MethodInvocationHelper.invokeMethod(MethodInvocationHelper.java:133)
at org.testng.internal.TestInvoker.invokeMethod(TestInvoker.java:598)
at org.testng.internal.TestInvoker.invokeTestMethod(TestInvoker.java:173)
at org.testng.internal.MethodRunner.runInSequence(MethodRunner.java:46)
at org.testng.internal.TestInvoker$MethodInvocationAgent.invoke(TestInvoker.java:824)
at org.testng.internal.TestInvoker.invokeTestMethods(TestInvoker.java:146)
at org.testng.internal.TestMethodWorker.invokeTestMethods(TestMethodWorker.java:146)
at org.testng.internal.TestMethodWorker.run(TestMethodWorker.java:128)
at java.base/java.util.ArrayList.forEach(ArrayList.java:1511)
at org.testng.TestRunner.privateRun(TestRunner.java:794)
at org.testng.TestRunner.run(TestRunner.java:596)
at org.testng.SuiteRunner.runTest(SuiteRunner.java:377)
at org.testng.SuiteRunner.runSequentially(SuiteRunner.java:371)
at org.testng.SuiteRunner.privateRun(SuiteRunner.java:332)
at org.testng.SuiteRunner.run(SuiteRunner.java:276)
at org.testng.SuiteRunnerWorker.runSuite(SuiteRunnerWorker.java:53)
at org.testng.SuiteRunnerWorker.run(SuiteRunnerWorker.java:96)
at org.testng.TestNG.runSuitesSequentially(TestNG.java:1212)
at org.testng.TestNG.runSuitesLocally(TestNG.java:1134)
at org.testng.TestNG.runSuites(TestNG.java:1063)
at org.testng.TestNG.run(TestNG.java:1031)
at org.testng.remote.AbstractRemoteTestNG.run(AbstractRemoteTestNG.java:115)
at org.testng.remote.RemoteTestNG.initAndRun(RemoteTestNG.java:251)
at org.testng.remote.RemoteTestNG.main(RemoteTestNG.java:77)
Caused by: org.openqa.selenium.StaleElementReferenceException: stale element reference: stale element not found
  (Session info: chrome=122.0.6261.129)
For documentation on this error, please visit: https://www.selenium.dev/documentation/webdriver/troubleshooting/errors#stale-element-reference-exception
Build info: version: '4.18.1', revision: 'b1d3319b48'
System info: os.name: 'Windows 10', os.arch: 'amd64', os.version: '10.0', java.version: '17.0.10'
Driver info: org.openqa.selenium.chrome.ChromeDriver
Command: [152475d1f2c5c7e1b939e92a24ca84fc, isElementDisplayed {id=f.6E99FA9553B494F985E921FC5A453856.d.E9720ABB2BCA569216C7D319DFDCB0A1.e.3099}]
Capabilities {acceptInsecureCerts: false, browserName: chrome, browserVersion: 122.0.6261.129, chrome: {chromedriverVersion: 122.0.6261.128 (f18a44fedeb..., userDataDir: C:\Users\HP\AppData\Local\T...}, fedcm:accounts: true, goog:chromeOptions: {debuggerAddress: localhost:57075}, networkConnectionEnabled: false, pageLoadStrategy: normal, platformName: windows, proxy: Proxy(), se:cdp: ws://localhost:57075/devtoo..., se:cdpVersion: 122.0.6261.129, setWindowRect: true, strictFileInteractability: false, timeouts: {implicit: 0, pageLoad: 300000, script: 30000}, unhandledPromptBehavior: dismiss and notify, webauthn:extension:credBlob: true, webauthn:extension:largeBlob: true, webauthn:extension:minPinLength: true, webauthn:extension:prf: true, webauthn:virtualAuthenticators: true}
Element: [[ChromeDriver: chrome on windows (152475d1f2c5c7e1b939e92a24ca84fc)] -> xpath: //a[@title='Next page']]
Session ID: 152475d1f2c5c7e1b939e92a24ca84fc
at jdk.internal.reflect.GeneratedConstructorAccessor15.newInstance(Unknown Source)
at java.base/jdk.internal.reflect.DelegatingConstructorAccessorImpl.newInstance(DelegatingConstructorAccessorImpl.java:45)
at java.base/java.lang.reflect.Constructor.newInstanceWithCaller(Constructor.java:499)
at java.base/java.lang.reflect.Constructor.newInstance(Constructor.java:480)
at org.openqa.selenium.remote.ErrorCodec.decode(ErrorCodec.java:167)
at org.openqa.selenium.remote.codec.w3c.W3CHttpResponseCodec.decode(W3CHttpResponseCodec.java:138)
at org.openqa.selenium.remote.codec.w3c.W3CHttpResponseCodec.decode(W3CHttpResponseCodec.java:50)
at org.openqa.selenium.remote.HttpCommandExecutor.execute(HttpCommandExecutor.java:190)
at org.openqa.selenium.remote.service.DriverCommandExecutor.invokeExecute(DriverCommandExecutor.java:216)
at org.openqa.selenium.remote.service.DriverCommandExecutor.execute(DriverCommandExecutor.java:174)
at org.openqa.selenium.remote.RemoteWebDriver.execute(RemoteWebDriver.java:519)
at org.openqa.selenium.remote.RemoteWebElement.execute(RemoteWebElement.java:223)
at org.openqa.selenium.remote.RemoteWebElement.isDisplayed(RemoteWebElement.java:282)
at org.openqa.selenium.support.ui.ExpectedConditions.elementIfVisible(ExpectedConditions.java:304)
at org.openqa.selenium.support.ui.ExpectedConditions$10.apply(ExpectedConditions.java:290)
at org.openqa.selenium.support.ui.ExpectedConditions$10.apply(ExpectedConditions.java:287)
at org.openqa.selenium.support.ui.ExpectedConditions$23.apply(ExpectedConditions.java:656)
at org.openqa.selenium.support.ui.ExpectedConditions$23.apply(ExpectedConditions.java:652)
at org.openqa.selenium.support.ui.FluentWait.until(FluentWait.java:203)
... 29 more
]]>
            </full-stacktrace>
          </exception> <!-- org.openqa.selenium.TimeoutException -->
          <reporter-output>
            <line>
              <![CDATA[ <a href='C:\Users\HP\eclipse-workspace\automation//screenshots//Wed-Mar-20-00-02-18-EET-2024.png'> <img src='C:\Users\HP\eclipse-workspace\automation//screenshots//Wed-Mar-20-00-02-18-EET-2024.png' height='200' width='200'/> </a>  ]]>
            </line>
          </reporter-output>
        </test-method> <!-- Test -->
        <test-method is-config="true" signature="TearDown()[pri:0, instance:testcase.MyFirstTest@448c8166]" started-at="2024-03-20T00:02:18 EET" name="TearDown" finished-at="2024-03-20T00:02:18 EET" duration-ms="292" status="PASS">
          <reporter-output>
          </reporter-output>
        </test-method> <!-- TearDown -->
      </class> <!-- testcase.MyFirstTest -->
    </test> <!-- ChromeTest -->
    <test started-at="2024-03-20T00:02:18 EET" name="FirefoxTest" finished-at="2024-03-20T00:04:12 EET" duration-ms="113541">
      <class name="testcase.MyFirstTest">
        <test-method is-config="true" signature="LaunchBrowser(java.lang.String,java.lang.String)[pri:0, instance:testcase.MyFirstTest@7905a0b8]" started-at="2024-03-20T00:02:18 EET" name="LaunchBrowser" finished-at="2024-03-20T00:02:36 EET" duration-ms="18039" status="PASS">
          <params>
            <param index="0">
              <value>
                <![CDATA[firefox]]>
              </value>
            </param>
            <param index="1">
              <value>
                <![CDATA[https://www.bing.com]]>
              </value>
            </param>
          </params>
          <reporter-output>
          </reporter-output>
        </test-method> <!-- LaunchBrowser -->
        <test-method signature="Test(java.lang.String)[pri:0, instance:testcase.MyFirstTest@7905a0b8]" started-at="2024-03-20T00:02:36 EET" name="Test" data-provider="TestData" finished-at="2024-03-20T00:03:16 EET" duration-ms="39312" status="FAIL">
          <params>
            <param index="0">
              <value>
                <![CDATA[Vodafone]]>
              </value>
            </param>
          </params>
          <exception class="org.openqa.selenium.TimeoutException">
            <message>
              <![CDATA[Expected condition failed: waiting for element to be clickable: [[FirefoxDriver: firefox on windows (9b50a297-f7d0-4fea-82c0-08fe5268ae39)] -> xpath: //a[@title='Next page']] (tried for 30 second(s) with 1000 milliseconds interval)]]>
            </message>
            <full-stacktrace>
              <![CDATA[org.openqa.selenium.TimeoutException: Expected condition failed: waiting for element to be clickable: [[FirefoxDriver: firefox on windows (9b50a297-f7d0-4fea-82c0-08fe5268ae39)] -> xpath: //a[@title='Next page']] (tried for 30 second(s) with 1000 milliseconds interval)
at org.openqa.selenium.support.ui.FluentWait.timeoutException(FluentWait.java:265)
at org.openqa.selenium.support.ui.FluentWait.until(FluentWait.java:228)
at testcase.MyFirstTest.Test(MyFirstTest.java:61)
at java.base/jdk.internal.reflect.NativeMethodAccessorImpl.invoke0(Native Method)
at java.base/jdk.internal.reflect.NativeMethodAccessorImpl.invoke(NativeMethodAccessorImpl.java:77)
at java.base/jdk.internal.reflect.DelegatingMethodAccessorImpl.invoke(DelegatingMethodAccessorImpl.java:43)
at java.base/java.lang.reflect.Method.invoke(Method.java:568)
at org.testng.internal.MethodInvocationHelper.invokeMethod(MethodInvocationHelper.java:133)
at org.testng.internal.TestInvoker.invokeMethod(TestInvoker.java:598)
at org.testng.internal.TestInvoker.invokeTestMethod(TestInvoker.java:173)
at org.testng.internal.MethodRunner.runInSequence(MethodRunner.java:46)
at org.testng.internal.TestInvoker$MethodInvocationAgent.invoke(TestInvoker.java:824)
at org.testng.internal.TestInvoker.invokeTestMethods(TestInvoker.java:146)
at org.testng.internal.TestMethodWorker.invokeTestMethods(TestMethodWorker.java:146)
at org.testng.internal.TestMethodWorker.run(TestMethodWorker.java:128)
at java.base/java.util.ArrayList.forEach(ArrayList.java:1511)
at org.testng.TestRunner.privateRun(TestRunner.java:794)
at org.testng.TestRunner.run(TestRunner.java:596)
at org.testng.SuiteRunner.runTest(SuiteRunner.java:377)
at org.testng.SuiteRunner.runSequentially(SuiteRunner.java:371)
at org.testng.SuiteRunner.privateRun(SuiteRunner.java:332)
at org.testng.SuiteRunner.run(SuiteRunner.java:276)
at org.testng.SuiteRunnerWorker.runSuite(SuiteRunnerWorker.java:53)
at org.testng.SuiteRunnerWorker.run(SuiteRunnerWorker.java:96)
at org.testng.TestNG.runSuitesSequentially(TestNG.java:1212)
at org.testng.TestNG.runSuitesLocally(TestNG.java:1134)
at org.testng.TestNG.runSuites(TestNG.java:1063)
at org.testng.TestNG.run(TestNG.java:1031)
at org.testng.remote.AbstractRemoteTestNG.run(AbstractRemoteTestNG.java:115)
at org.testng.remote.RemoteTestNG.initAndRun(RemoteTestNG.java:251)
at org.testng.remote.RemoteTestNG.main(RemoteTestNG.java:77)
Caused by: org.openqa.selenium.StaleElementReferenceException: The element with the reference fadb6b5d-3816-4845-acf0-5d54383d5193 is stale; either its node document is not the active document, or it is no longer connected to the DOM
For documentation on this error, please visit: https://www.selenium.dev/documentation/webdriver/troubleshooting/errors#stale-element-reference-exception
Build info: version: '4.18.1', revision: 'b1d3319b48'
System info: os.name: 'Windows 10', os.arch: 'amd64', os.version: '10.0', java.version: '17.0.10'
Driver info: org.openqa.selenium.firefox.FirefoxDriver
Command: [9b50a297-f7d0-4fea-82c0-08fe5268ae39, isElementDisplayed {id=fadb6b5d-3816-4845-acf0-5d54383d5193}]
Capabilities {acceptInsecureCerts: true, browserName: firefox, browserVersion: 123.0.1, moz:accessibilityChecks: false, moz:buildID: 20240304104836, moz:debuggerAddress: 127.0.0.1:32300, moz:geckodriverVersion: 0.34.0, moz:headless: false, moz:platformVersion: 10.0, moz:processID: 31328, moz:profile: C:\Users\HP\AppData\Local\T..., moz:shutdownTimeout: 60000, moz:webdriverClick: true, moz:windowless: false, pageLoadStrategy: normal, platformName: windows, proxy: Proxy(), se:cdp: ws://127.0.0.1:32300/devtoo..., se:cdpVersion: 85.0, setWindowRect: true, strictFileInteractability: false, timeouts: {implicit: 0, pageLoad: 300000, script: 30000}, unhandledPromptBehavior: dismiss and notify}
Element: [[FirefoxDriver: firefox on windows (9b50a297-f7d0-4fea-82c0-08fe5268ae39)] -> xpath: //a[@title='Next page']]
Session ID: 9b50a297-f7d0-4fea-82c0-08fe5268ae39
at jdk.internal.reflect.GeneratedConstructorAccessor15.newInstance(Unknown Source)
at java.base/jdk.internal.reflect.DelegatingConstructorAccessorImpl.newInstance(DelegatingConstructorAccessorImpl.java:45)
at java.base/java.lang.reflect.Constructor.newInstanceWithCaller(Constructor.java:499)
at java.base/java.lang.reflect.Constructor.newInstance(Constructor.java:480)
at org.openqa.selenium.remote.ErrorCodec.decode(ErrorCodec.java:167)
at org.openqa.selenium.remote.codec.w3c.W3CHttpResponseCodec.decode(W3CHttpResponseCodec.java:138)
at org.openqa.selenium.remote.codec.w3c.W3CHttpResponseCodec.decode(W3CHttpResponseCodec.java:50)
at org.openqa.selenium.remote.HttpCommandExecutor.execute(HttpCommandExecutor.java:190)
at org.openqa.selenium.remote.service.DriverCommandExecutor.invokeExecute(DriverCommandExecutor.java:216)
at org.openqa.selenium.remote.service.DriverCommandExecutor.execute(DriverCommandExecutor.java:174)
at org.openqa.selenium.remote.RemoteWebDriver.execute(RemoteWebDriver.java:519)
at org.openqa.selenium.remote.RemoteWebElement.execute(RemoteWebElement.java:223)
at org.openqa.selenium.remote.RemoteWebElement.isDisplayed(RemoteWebElement.java:282)
at org.openqa.selenium.support.ui.ExpectedConditions.elementIfVisible(ExpectedConditions.java:304)
at org.openqa.selenium.support.ui.ExpectedConditions$10.apply(ExpectedConditions.java:290)
at org.openqa.selenium.support.ui.ExpectedConditions$10.apply(ExpectedConditions.java:287)
at org.openqa.selenium.support.ui.ExpectedConditions$23.apply(ExpectedConditions.java:656)
at org.openqa.selenium.support.ui.ExpectedConditions$23.apply(ExpectedConditions.java:652)
at org.openqa.selenium.support.ui.FluentWait.until(FluentWait.java:203)
... 29 more
]]>
            </full-stacktrace>
          </exception> <!-- org.openqa.selenium.TimeoutException -->
          <reporter-output>
            <line>
              <![CDATA[ <a href='C:\Users\HP\eclipse-workspace\automation//screenshots//Wed-Mar-20-00-03-16-EET-2024.png'> <img src='C:\Users\HP\eclipse-workspace\automation//screenshots//Wed-Mar-20-00-03-16-EET-2024.png' height='200' width='200'/> </a>  ]]>
            </line>
          </reporter-output>
        </test-method> <!-- Test -->
        <test-method is-config="true" signature="TearDown()[pri:0, instance:testcase.MyFirstTest@7905a0b8]" started-at="2024-03-20T00:03:16 EET" name="TearDown" finished-at="2024-03-20T00:03:20 EET" duration-ms="3592" status="PASS">
          <reporter-output>
          </reporter-output>
        </test-method> <!-- TearDown -->
        <test-method is-config="true" signature="LaunchBrowser(java.lang.String,java.lang.String)[pri:0, instance:testcase.MyFirstTest@7905a0b8]" started-at="2024-03-20T00:03:20 EET" name="LaunchBrowser" finished-at="2024-03-20T00:03:29 EET" duration-ms="9306" status="PASS">
          <params>
            <param index="0">
              <value>
                <![CDATA[firefox]]>
              </value>
            </param>
            <param index="1">
              <value>
                <![CDATA[https://www.bing.com]]>
              </value>
            </param>
          </params>
          <reporter-output>
          </reporter-output>
        </test-method> <!-- LaunchBrowser -->
        <test-method signature="Test(java.lang.String)[pri:0, instance:testcase.MyFirstTest@7905a0b8]" started-at="2024-03-20T00:03:29 EET" name="Test" data-provider="TestData" finished-at="2024-03-20T00:03:31 EET" duration-ms="2522" status="PASS">
          <params>
            <param index="0">
              <value>
                <![CDATA[Vudafoone]]>
              </value>
            </param>
          </params>
          <reporter-output>
            <line>
              <![CDATA[Test Successed]]>
            </line>
          </reporter-output>
        </test-method> <!-- Test -->
        <test-method is-config="true" signature="TearDown()[pri:0, instance:testcase.MyFirstTest@7905a0b8]" started-at="2024-03-20T00:03:31 EET" name="TearDown" finished-at="2024-03-20T00:03:33 EET" duration-ms="1851" status="PASS">
          <reporter-output>
          </reporter-output>
        </test-method> <!-- TearDown -->
        <test-method is-config="true" signature="LaunchBrowser(java.lang.String,java.lang.String)[pri:0, instance:testcase.MyFirstTest@7905a0b8]" started-at="2024-03-20T00:03:33 EET" name="LaunchBrowser" finished-at="2024-03-20T00:03:42 EET" duration-ms="9123" status="PASS">
          <params>
            <param index="0">
              <value>
                <![CDATA[firefox]]>
              </value>
            </param>
            <param index="1">
              <value>
                <![CDATA[https://www.bing.com]]>
              </value>
            </param>
          </params>
          <reporter-output>
          </reporter-output>
        </test-method> <!-- LaunchBrowser -->
        <test-method signature="Test(java.lang.String)[pri:0, instance:testcase.MyFirstTest@7905a0b8]" started-at="2024-03-20T00:03:42 EET" name="Test" data-provider="TestData" finished-at="2024-03-20T00:03:45 EET" duration-ms="2398" status="PASS">
          <params>
            <param index="0">
              <value>
                <![CDATA[Vodafone Stores]]>
              </value>
            </param>
          </params>
          <reporter-output>
            <line>
              <![CDATA[Test Successed]]>
            </line>
          </reporter-output>
        </test-method> <!-- Test -->
        <test-method is-config="true" signature="TearDown()[pri:0, instance:testcase.MyFirstTest@7905a0b8]" started-at="2024-03-20T00:03:45 EET" name="TearDown" finished-at="2024-03-20T00:03:47 EET" duration-ms="2286" status="PASS">
          <reporter-output>
          </reporter-output>
        </test-method> <!-- TearDown -->
        <test-method is-config="true" signature="LaunchBrowser(java.lang.String,java.lang.String)[pri:0, instance:testcase.MyFirstTest@7905a0b8]" started-at="2024-03-20T00:03:47 EET" name="LaunchBrowser" finished-at="2024-03-20T00:03:55 EET" duration-ms="8034" status="PASS">
          <params>
            <param index="0">
              <value>
                <![CDATA[firefox]]>
              </value>
            </param>
            <param index="1">
              <value>
                <![CDATA[https://www.bing.com]]>
              </value>
            </param>
          </params>
          <reporter-output>
          </reporter-output>
        </test-method> <!-- LaunchBrowser -->
        <test-method signature="Test(java.lang.String)[pri:0, instance:testcase.MyFirstTest@7905a0b8]" started-at="2024-03-20T00:03:55 EET" name="Test" data-provider="TestData" finished-at="2024-03-20T00:03:57 EET" duration-ms="2391" status="PASS">
          <params>
            <param index="0">
              <value>
                <![CDATA[Vodafone Images]]>
              </value>
            </param>
          </params>
          <reporter-output>
            <line>
              <![CDATA[Test Successed]]>
            </line>
          </reporter-output>
        </test-method> <!-- Test -->
        <test-method is-config="true" signature="TearDown()[pri:0, instance:testcase.MyFirstTest@7905a0b8]" started-at="2024-03-20T00:03:57 EET" name="TearDown" finished-at="2024-03-20T00:03:59 EET" duration-ms="2008" status="PASS">
          <reporter-output>
          </reporter-output>
        </test-method> <!-- TearDown -->
        <test-method is-config="true" signature="LaunchBrowser(java.lang.String,java.lang.String)[pri:0, instance:testcase.MyFirstTest@7905a0b8]" started-at="2024-03-20T00:03:59 EET" name="LaunchBrowser" finished-at="2024-03-20T00:04:09 EET" duration-ms="9118" status="PASS">
          <params>
            <param index="0">
              <value>
                <![CDATA[firefox]]>
              </value>
            </param>
            <param index="1">
              <value>
                <![CDATA[https://www.bing.com]]>
              </value>
            </param>
          </params>
          <reporter-output>
          </reporter-output>
        </test-method> <!-- LaunchBrowser -->
        <test-method signature="Test(java.lang.String)[pri:0, instance:testcase.MyFirstTest@7905a0b8]" started-at="2024-03-20T00:04:09 EET" name="Test" data-provider="TestData" finished-at="2024-03-20T00:04:10 EET" duration-ms="1428" status="PASS">
          <params>
            <param index="0">
              <value>
                <![CDATA[ vodafone logo]]>
              </value>
            </param>
          </params>
          <reporter-output>
            <line>
              <![CDATA[Test Successed]]>
            </line>
          </reporter-output>
        </test-method> <!-- Test -->
        <test-method is-config="true" signature="TearDown()[pri:0, instance:testcase.MyFirstTest@7905a0b8]" started-at="2024-03-20T00:04:10 EET" name="TearDown" finished-at="2024-03-20T00:04:12 EET" duration-ms="1955" status="PASS">
          <reporter-output>
          </reporter-output>
        </test-method> <!-- TearDown -->
      </class> <!-- testcase.MyFirstTest -->
    </test> <!-- FirefoxTest -->
    <test started-at="2024-03-20T00:04:12 EET" name="EdgeTest" finished-at="2024-03-20T00:05:52 EET" duration-ms="100526">
      <class name="testcase.MyFirstTest">
        <test-method is-config="true" signature="LaunchBrowser(java.lang.String,java.lang.String)[pri:0, instance:testcase.MyFirstTest@6ca18a14]" started-at="2024-03-20T00:04:12 EET" name="LaunchBrowser" finished-at="2024-03-20T00:04:23 EET" duration-ms="11509" status="PASS">
          <params>
            <param index="0">
              <value>
                <![CDATA[edge]]>
              </value>
            </param>
            <param index="1">
              <value>
                <![CDATA[https://www.bing.com]]>
              </value>
            </param>
          </params>
          <reporter-output>
          </reporter-output>
        </test-method> <!-- LaunchBrowser -->
        <test-method signature="Test(java.lang.String)[pri:0, instance:testcase.MyFirstTest@6ca18a14]" started-at="2024-03-20T00:04:23 EET" name="Test" data-provider="TestData" finished-at="2024-03-20T00:04:36 EET" duration-ms="12472" status="PASS">
          <params>
            <param index="0">
              <value>
                <![CDATA[Vodafone]]>
              </value>
            </param>
          </params>
          <reporter-output>
            <line>
              <![CDATA[Test Successed]]>
            </line>
          </reporter-output>
        </test-method> <!-- Test -->
        <test-method is-config="true" signature="TearDown()[pri:0, instance:testcase.MyFirstTest@6ca18a14]" started-at="2024-03-20T00:04:36 EET" name="TearDown" finished-at="2024-03-20T00:04:36 EET" duration-ms="272" status="PASS">
          <reporter-output>
          </reporter-output>
        </test-method> <!-- TearDown -->
        <test-method is-config="true" signature="LaunchBrowser(java.lang.String,java.lang.String)[pri:0, instance:testcase.MyFirstTest@6ca18a14]" started-at="2024-03-20T00:04:36 EET" name="LaunchBrowser" finished-at="2024-03-20T00:04:45 EET" duration-ms="8515" status="PASS">
          <params>
            <param index="0">
              <value>
                <![CDATA[edge]]>
              </value>
            </param>
            <param index="1">
              <value>
                <![CDATA[https://www.bing.com]]>
              </value>
            </param>
          </params>
          <reporter-output>
          </reporter-output>
        </test-method> <!-- LaunchBrowser -->
        <test-method signature="Test(java.lang.String)[pri:0, instance:testcase.MyFirstTest@6ca18a14]" started-at="2024-03-20T00:04:45 EET" name="Test" data-provider="TestData" finished-at="2024-03-20T00:04:53 EET" duration-ms="8181" status="PASS">
          <params>
            <param index="0">
              <value>
                <![CDATA[Vudafoone]]>
              </value>
            </param>
          </params>
          <reporter-output>
            <line>
              <![CDATA[Test Successed]]>
            </line>
          </reporter-output>
        </test-method> <!-- Test -->
        <test-method is-config="true" signature="TearDown()[pri:0, instance:testcase.MyFirstTest@6ca18a14]" started-at="2024-03-20T00:04:53 EET" name="TearDown" finished-at="2024-03-20T00:04:53 EET" duration-ms="128" status="PASS">
          <reporter-output>
          </reporter-output>
        </test-method> <!-- TearDown -->
        <test-method is-config="true" signature="LaunchBrowser(java.lang.String,java.lang.String)[pri:0, instance:testcase.MyFirstTest@6ca18a14]" started-at="2024-03-20T00:04:53 EET" name="LaunchBrowser" finished-at="2024-03-20T00:05:02 EET" duration-ms="8655" status="PASS">
          <params>
            <param index="0">
              <value>
                <![CDATA[edge]]>
              </value>
            </param>
            <param index="1">
              <value>
                <![CDATA[https://www.bing.com]]>
              </value>
            </param>
          </params>
          <reporter-output>
          </reporter-output>
        </test-method> <!-- LaunchBrowser -->
        <test-method signature="Test(java.lang.String)[pri:0, instance:testcase.MyFirstTest@6ca18a14]" started-at="2024-03-20T00:05:02 EET" name="Test" data-provider="TestData" finished-at="2024-03-20T00:05:12 EET" duration-ms="10007" status="PASS">
          <params>
            <param index="0">
              <value>
                <![CDATA[Vodafone Stores]]>
              </value>
            </param>
          </params>
          <reporter-output>
            <line>
              <![CDATA[Test Successed]]>
            </line>
          </reporter-output>
        </test-method> <!-- Test -->
        <test-method is-config="true" signature="TearDown()[pri:0, instance:testcase.MyFirstTest@6ca18a14]" started-at="2024-03-20T00:05:12 EET" name="TearDown" finished-at="2024-03-20T00:05:12 EET" duration-ms="225" status="PASS">
          <reporter-output>
          </reporter-output>
        </test-method> <!-- TearDown -->
        <test-method is-config="true" signature="LaunchBrowser(java.lang.String,java.lang.String)[pri:0, instance:testcase.MyFirstTest@6ca18a14]" started-at="2024-03-20T00:05:12 EET" name="LaunchBrowser" finished-at="2024-03-20T00:05:26 EET" duration-ms="14283" status="PASS">
          <params>
            <param index="0">
              <value>
                <![CDATA[edge]]>
              </value>
            </param>
            <param index="1">
              <value>
                <![CDATA[https://www.bing.com]]>
              </value>
            </param>
          </params>
          <reporter-output>
          </reporter-output>
        </test-method> <!-- LaunchBrowser -->
        <test-method signature="Test(java.lang.String)[pri:0, instance:testcase.MyFirstTest@6ca18a14]" started-at="2024-03-20T00:05:26 EET" name="Test" data-provider="TestData" finished-at="2024-03-20T00:05:35 EET" duration-ms="9173" status="PASS">
          <params>
            <param index="0">
              <value>
                <![CDATA[Vodafone Images]]>
              </value>
            </param>
          </params>
          <reporter-output>
            <line>
              <![CDATA[Test Successed]]>
            </line>
          </reporter-output>
        </test-method> <!-- Test -->
        <test-method is-config="true" signature="TearDown()[pri:0, instance:testcase.MyFirstTest@6ca18a14]" started-at="2024-03-20T00:05:35 EET" name="TearDown" finished-at="2024-03-20T00:05:36 EET" duration-ms="320" status="PASS">
          <reporter-output>
          </reporter-output>
        </test-method> <!-- TearDown -->
        <test-method is-config="true" signature="LaunchBrowser(java.lang.String,java.lang.String)[pri:0, instance:testcase.MyFirstTest@6ca18a14]" started-at="2024-03-20T00:05:36 EET" name="LaunchBrowser" finished-at="2024-03-20T00:05:45 EET" duration-ms="9139" status="PASS">
          <params>
            <param index="0">
              <value>
                <![CDATA[edge]]>
              </value>
            </param>
            <param index="1">
              <value>
                <![CDATA[https://www.bing.com]]>
              </value>
            </param>
          </params>
          <reporter-output>
          </reporter-output>
        </test-method> <!-- LaunchBrowser -->
        <test-method signature="Test(java.lang.String)[pri:0, instance:testcase.MyFirstTest@6ca18a14]" started-at="2024-03-20T00:05:45 EET" name="Test" data-provider="TestData" finished-at="2024-03-20T00:05:52 EET" duration-ms="7362" status="FAIL">
          <params>
            <param index="0">
              <value>
                <![CDATA[ vodafone logo]]>
              </value>
            </param>
          </params>
          <exception class="java.lang.AssertionError">
            <message>
              <![CDATA[expected [10] but found [9]]]>
            </message>
            <full-stacktrace>
              <![CDATA[java.lang.AssertionError: expected [10] but found [9]
at org.testng.Assert.fail(Assert.java:99)
at org.testng.Assert.failNotEquals(Assert.java:1037)
at org.testng.Assert.assertEqualsImpl(Assert.java:140)
at org.testng.Assert.assertEquals(Assert.java:122)
at org.testng.Assert.assertEquals(Assert.java:907)
at org.testng.Assert.assertEquals(Assert.java:917)
at testcase.MyFirstTest.Test(MyFirstTest.java:68)
at java.base/jdk.internal.reflect.NativeMethodAccessorImpl.invoke0(Native Method)
at java.base/jdk.internal.reflect.NativeMethodAccessorImpl.invoke(NativeMethodAccessorImpl.java:77)
at java.base/jdk.internal.reflect.DelegatingMethodAccessorImpl.invoke(DelegatingMethodAccessorImpl.java:43)
at java.base/java.lang.reflect.Method.invoke(Method.java:568)
at org.testng.internal.MethodInvocationHelper.invokeMethod(MethodInvocationHelper.java:133)
at org.testng.internal.TestInvoker.invokeMethod(TestInvoker.java:598)
at org.testng.internal.TestInvoker.invokeTestMethod(TestInvoker.java:173)
at org.testng.internal.MethodRunner.runInSequence(MethodRunner.java:46)
at org.testng.internal.TestInvoker$MethodInvocationAgent.invoke(TestInvoker.java:824)
at org.testng.internal.TestInvoker.invokeTestMethods(TestInvoker.java:146)
at org.testng.internal.TestMethodWorker.invokeTestMethods(TestMethodWorker.java:146)
at org.testng.internal.TestMethodWorker.run(TestMethodWorker.java:128)
at java.base/java.util.ArrayList.forEach(ArrayList.java:1511)
at org.testng.TestRunner.privateRun(TestRunner.java:794)
at org.testng.TestRunner.run(TestRunner.java:596)
at org.testng.SuiteRunner.runTest(SuiteRunner.java:377)
at org.testng.SuiteRunner.runSequentially(SuiteRunner.java:371)
at org.testng.SuiteRunner.privateRun(SuiteRunner.java:332)
at org.testng.SuiteRunner.run(SuiteRunner.java:276)
at org.testng.SuiteRunnerWorker.runSuite(SuiteRunnerWorker.java:53)
at org.testng.SuiteRunnerWorker.run(SuiteRunnerWorker.java:96)
at org.testng.TestNG.runSuitesSequentially(TestNG.java:1212)
at org.testng.TestNG.runSuitesLocally(TestNG.java:1134)
at org.testng.TestNG.runSuites(TestNG.java:1063)
at org.testng.TestNG.run(TestNG.java:1031)
at org.testng.remote.AbstractRemoteTestNG.run(AbstractRemoteTestNG.java:115)
at org.testng.remote.RemoteTestNG.initAndRun(RemoteTestNG.java:251)
at org.testng.remote.RemoteTestNG.main(RemoteTestNG.java:77)
]]>
            </full-stacktrace>
          </exception> <!-- java.lang.AssertionError -->
          <reporter-output>
            <line>
              <![CDATA[ <a href='C:\Users\HP\eclipse-workspace\automation//screenshots//Wed-Mar-20-00-05-52-EET-2024.png'> <img src='C:\Users\HP\eclipse-workspace\automation//screenshots//Wed-Mar-20-00-05-52-EET-2024.png' height='200' width='200'/> </a>  ]]>
            </line>
          </reporter-output>
        </test-method> <!-- Test -->
        <test-method is-config="true" signature="TearDown()[pri:0, instance:testcase.MyFirstTest@6ca18a14]" started-at="2024-03-20T00:05:52 EET" name="TearDown" finished-at="2024-03-20T00:05:52 EET" duration-ms="154" status="PASS">
          <reporter-output>
          </reporter-output>
        </test-method> <!-- TearDown -->
      </class> <!-- testcase.MyFirstTest -->
    </test> <!-- EdgeTest -->
  </suite> <!-- Suite -->
</testng-results>
